This is pdfTeX, Version 3.14159265-2.6-1.40.16 (MiKTeX 2.9 64-bit) (preloaded format=pdflatex 2016.1.18)  20 JAN 2016 10:50
entering extended mode
**./ProbSet1.tex
(ProbSet1.tex
LaTeX2e <2015/10/01> patch level 2
Babel <3.9m> and hyphenation patterns for 69 languages loaded.
("C:\Users\Santy\AppData\Local\Programs\MiKTeX 2.9\tex\latex\base\article.cls"
Document Class: article 2014/09/29 v1.4h Standard LaTeX document class
("C:\Users\Santy\AppData\Local\Programs\MiKTeX 2.9\tex\latex\base\size11.clo"
File: size11.clo 2014/09/29 v1.4h Standard LaTeX file (size option)
)
\c@part=\count79
\c@section=\count80
\c@subsection=\count81
\c@subsubsection=\count82
\c@paragraph=\count83
\c@subparagraph=\count84
\c@figure=\count85
\c@table=\count86
\abovecaptionskip=\skip41
\belowcaptionskip=\skip42
\bibindent=\dimen102
)
("C:\Users\Santy\AppData\Local\Programs\MiKTeX 2.9\tex\latex\preprint\fullpage.
sty"
Package: fullpage 1999/02/23 1.1 (PWD)
\FP@margin=\skip43
)
("C:\Users\Santy\AppData\Local\Programs\MiKTeX 2.9\tex\latex\graphics\graphicx.
sty"
Package: graphicx 2014/10/28 v1.0g Enhanced LaTeX Graphics (DPC,SPQR)

("C:\Users\Santy\AppData\Local\Programs\MiKTeX 2.9\tex\latex\graphics\keyval.st
y"
Package: keyval 2014/10/28 v1.15 key=value parser (DPC)
\KV@toks@=\toks14
)
("C:\Users\Santy\AppData\Local\Programs\MiKTeX 2.9\tex\latex\graphics\graphics.
sty"
Package: graphics 2014/10/28 v1.0p Standard LaTeX Graphics (DPC,SPQR)

("C:\Users\Santy\AppData\Local\Programs\MiKTeX 2.9\tex\latex\graphics\trig.sty"
Package: trig 1999/03/16 v1.09 sin cos tan (DPC)
)
("C:\Users\Santy\AppData\Local\Programs\MiKTeX 2.9\tex\latex\00miktex\graphics.
cfg"
File: graphics.cfg 2007/01/18 v1.5 graphics configuration of teTeX/TeXLive
)
Package graphics Info: Driver file: pdftex.def on input line 94.

("C:\Users\Santy\AppData\Local\Programs\MiKTeX 2.9\tex\latex\pdftex-def\pdftex.
def"
File: pdftex.def 2011/05/27 v0.06d Graphics/color for pdfTeX

("C:\Users\Santy\AppData\Local\Programs\MiKTeX 2.9\tex\generic\oberdiek\infware
rr.sty"
Package: infwarerr 2010/04/08 v1.3 Providing info/warning/error messages (HO)
)
("C:\Users\Santy\AppData\Local\Programs\MiKTeX 2.9\tex\generic\oberdiek\ltxcmds
.sty"
Package: ltxcmds 2011/11/09 v1.22 LaTeX kernel commands for general use (HO)
)
\Gread@gobject=\count87
))
\Gin@req@height=\dimen103
\Gin@req@width=\dimen104
)
("C:\Users\Santy\AppData\Local\Programs\MiKTeX 2.9\tex\latex\float\float.sty"
Package: float 2001/11/08 v1.3d Float enhancements (AL)
\c@float@type=\count88
\float@exts=\toks15
\float@box=\box26
\@float@everytoks=\toks16
\@floatcapt=\box27
)
(ProbSet1.aux)
\openout1 = `ProbSet1.aux'.

LaTeX Font Info:    Checking defaults for OML/cmm/m/it on input line 8.
LaTeX Font Info:    ... okay on input line 8.
LaTeX Font Info:    Checking defaults for T1/cmr/m/n on input line 8.
LaTeX Font Info:    ... okay on input line 8.
LaTeX Font Info:    Checking defaults for OT1/cmr/m/n on input line 8.
LaTeX Font Info:    ... okay on input line 8.
LaTeX Font Info:    Checking defaults for OMS/cmsy/m/n on input line 8.
LaTeX Font Info:    ... okay on input line 8.
LaTeX Font Info:    Checking defaults for OMX/cmex/m/n on input line 8.
LaTeX Font Info:    ... okay on input line 8.
LaTeX Font Info:    Checking defaults for U/cmr/m/n on input line 8.
LaTeX Font Info:    ... okay on input line 8.

("C:\Users\Santy\AppData\Local\Programs\MiKTeX 2.9\tex\context\base\supp-pdf.mk
ii"
[Loading MPS to PDF converter (version 2006.09.02).]
\scratchcounter=\count89
\scratchdimen=\dimen105
\scratchbox=\box28
\nofMPsegments=\count90
\nofMParguments=\count91
\everyMPshowfont=\toks17
\MPscratchCnt=\count92
\MPscratchDim=\dimen106
\MPnumerator=\count93
\makeMPintoPDFobject=\count94
\everyMPtoPDFconversion=\toks18
)
LaTeX Font Info:    External font `cmex10' loaded for size
(Font)              <12> on input line 9.
LaTeX Font Info:    External font `cmex10' loaded for size
(Font)              <8> on input line 9.
LaTeX Font Info:    External font `cmex10' loaded for size
(Font)              <6> on input line 9.
Missing character: There is no â in font cmbx10!
Missing character: There is no € in font cmbx10!
Missing character: There is no ¢ in font cmbx10!
LaTeX Font Info:    External font `cmex10' loaded for size
(Font)              <10.95> on input line 12.
 <images/fixed.jpg, id=1, 702.625pt x 526.96875pt>
File: images/fixed.jpg Graphic file (type jpg)
 <use images/fixed.jpg>
Package pdftex.def Info: images/fixed.jpg used on input line 18.
(pdftex.def)             Requested size: 351.31163pt x 263.48372pt.

<images/2-period.jpg, id=2, 702.625pt x 526.96875pt>
File: images/2-period.jpg Graphic file (type jpg)
 <use images/2-period.jpg>
Package pdftex.def Info: images/2-period.jpg used on input line 27.
(pdftex.def)             Requested size: 351.31163pt x 263.48372pt.

<images/2-period1.jpg, id=3, 702.625pt x 526.96875pt>
File: images/2-period1.jpg Graphic file (type jpg)

<use images/2-period1.jpg>
Package pdftex.def Info: images/2-period1.jpg used on input line 30.
(pdftex.def)             Requested size: 351.31163pt x 263.48372pt.
 <images/chaotic.jpg, id=4, 702.625pt x 526.96875pt>
File: images/chaotic.jpg Graphic file (type jpg)

<use images/chaotic.jpg>
Package pdftex.def Info: images/chaotic.jpg used on input line 39.
(pdftex.def)             Requested size: 351.31163pt x 263.48372pt.
 <images/chaotic1.jpg, id=5, 702.625pt x 526.96875pt>
File: images/chaotic1.jpg Graphic file (type jpg)

<use images/chaotic1.jpg>
Package pdftex.def Info: images/chaotic1.jpg used on input line 42.
(pdftex.def)             Requested size: 351.31163pt x 263.48372pt.
 [1

{C:/Users/Santy/AppData/Local/MiKTeX/2.9/pdftex/config/pdftex.map} <./images/fi
xed.jpg>]
<images/r4.jpg, id=18, 702.625pt x 526.96875pt>
File: images/r4.jpg Graphic file (type jpg)
 <use images/r4.jpg>
Package pdftex.def Info: images/r4.jpg used on input line 50.
(pdftex.def)             Requested size: 421.57825pt x 316.18369pt.
 [2 <./images/2-period.jpg> <./images/2-period1.jpg>] [3 <./images/chaotic.jpg>
 <./images/chaotic1.jpg>]
Missing character: There is no â in font cmbx10!
Missing character: There is no € in font cmbx10!
Missing character: There is no ¢ in font cmbx10!

Underfull \hbox (badness 10000) in paragraph at lines 55--56

 []

<images/rg4.jpg, id=25, 702.625pt x 526.96875pt>
File: images/rg4.jpg Graphic file (type jpg)
 <use images/rg4.jpg>
Package pdftex.def Info: images/rg4.jpg used on input line 60.
(pdftex.def)             Requested size: 210.78912pt x 158.09184pt.
 [4 <./images/r4.jpg> <./images/rg4.jpg>]
Missing character: There is no â in font cmbx10!
Missing character: There is no € in font cmbx10!
Missing character: There is no ¢ in font cmbx10!

Underfull \hbox (badness 10000) in paragraph at lines 66--67

 []

<images/boa.jpg, id=30, 702.625pt x 526.96875pt>
File: images/boa.jpg Graphic file (type jpg)
 <use images/boa.jpg>
Package pdftex.def Info: images/boa.jpg used on input line 72.
(pdftex.def)             Requested size: 491.83414pt x 368.8756pt.

Overfull \hbox (38.86624pt too wide) in paragraph at lines 72--73
 [][] 
 []

[5 <./images/boa.jpg>] (ProbSet1.aux) ) 
Here is how much of TeX's memory you used:
 1260 strings out of 493634
 17239 string characters out of 3135239
 71969 words of memory out of 3000000
 4670 multiletter control sequences out of 15000+200000
 8811 words of font info for 31 fonts, out of 3000000 for 9000
 1025 hyphenation exceptions out of 8191
 27i,7n,19p,364b,222s stack positions out of 5000i,500n,10000p,200000b,50000s
<C:/Users/Santy/AppData/Local/Programs/M
iKTeX 2.9/fonts/type1/public/amsfonts/cm/cmbx10.pfb><C:/Users/Santy/AppData/Loc
al/Programs/MiKTeX 2.9/fonts/type1/public/amsfonts/cm/cmbx12.pfb><C:/Users/Sant
y/AppData/Local/Programs/MiKTeX 2.9/fonts/type1/public/amsfonts/cm/cmmi10.pfb><
C:/Users/Santy/AppData/Local/Programs/MiKTeX 2.9/fonts/type1/public/amsfonts/cm
/cmmi8.pfb><C:/Users/Santy/AppData/Local/Programs/MiKTeX 2.9/fonts/type1/public
/amsfonts/cm/cmr10.pfb><C:/Users/Santy/AppData/Local/Programs/MiKTeX 2.9/fonts/
type1/public/amsfonts/cm/cmr12.pfb><C:/Users/Santy/AppData/Local/Programs/MiKTe
X 2.9/fonts/type1/public/amsfonts/cm/cmr17.pfb><C:/Users/Santy/AppData/Local/Pr
ograms/MiKTeX 2.9/fonts/type1/public/amsfonts/cm/cmr8.pfb><C:/Users/Santy/AppDa
ta/Local/Programs/MiKTeX 2.9/fonts/type1/public/amsfonts/cm/cmsy10.pfb>
Output written on ProbSet1.pdf (5 pages, 275573 bytes).
PDF statistics:
 62 PDF objects out of 1000 (max. 8388607)
 0 named destinations out of 1000 (max. 500000)
 41 words of extra memory for PDF output out of 10000 (max. 10000000)

