This is pdfTeX, Version 3.14159265-2.6-1.40.16 (MiKTeX 2.9 64-bit) (preloaded format=pdflatex 2016.1.18)  15 FEB 2016 13:26
entering extended mode
**./ProbSet4.tex
(ProbSet4.tex
LaTeX2e <2015/10/01> patch level 2
Babel <3.9m> and hyphenation patterns for 69 languages loaded.
("C:\Users\Santy\AppData\Local\Programs\MiKTeX 2.9\tex\latex\base\article.cls"
Document Class: article 2014/09/29 v1.4h Standard LaTeX document class
("C:\Users\Santy\AppData\Local\Programs\MiKTeX 2.9\tex\latex\base\size10.clo"
File: size10.clo 2014/09/29 v1.4h Standard LaTeX file (size option)
)
\c@part=\count79
\c@section=\count80
\c@subsection=\count81
\c@subsubsection=\count82
\c@paragraph=\count83
\c@subparagraph=\count84
\c@figure=\count85
\c@table=\count86
\abovecaptionskip=\skip41
\belowcaptionskip=\skip42
\bibindent=\dimen102
)
("C:\Users\Santy\AppData\Local\Programs\MiKTeX 2.9\tex\latex\geometry\geometry.
sty"
Package: geometry 2010/09/12 v5.6 Page Geometry

("C:\Users\Santy\AppData\Local\Programs\MiKTeX 2.9\tex\latex\graphics\keyval.st
y"
Package: keyval 2014/10/28 v1.15 key=value parser (DPC)
\KV@toks@=\toks14
)
("C:\Users\Santy\AppData\Local\Programs\MiKTeX 2.9\tex\generic\oberdiek\ifpdf.s
ty"
Package: ifpdf 2011/01/30 v2.3 Provides the ifpdf switch (HO)
Package ifpdf Info: pdfTeX in PDF mode is detected.
)
("C:\Users\Santy\AppData\Local\Programs\MiKTeX 2.9\tex\generic\oberdiek\ifvtex.
sty"
Package: ifvtex 2010/03/01 v1.5 Detect VTeX and its facilities (HO)
Package ifvtex Info: VTeX not detected.
)
("C:\Users\Santy\AppData\Local\Programs\MiKTeX 2.9\tex\generic\ifxetex\ifxetex.
sty"
Package: ifxetex 2010/09/12 v0.6 Provides ifxetex conditional
)
\Gm@cnth=\count87
\Gm@cntv=\count88
\c@Gm@tempcnt=\count89
\Gm@bindingoffset=\dimen103
\Gm@wd@mp=\dimen104
\Gm@odd@mp=\dimen105
\Gm@even@mp=\dimen106
\Gm@layoutwidth=\dimen107
\Gm@layoutheight=\dimen108
\Gm@layouthoffset=\dimen109
\Gm@layoutvoffset=\dimen110
\Gm@dimlist=\toks15

("C:\Users\Santy\AppData\Local\Programs\MiKTeX 2.9\tex\latex\geometry\geometry.
cfg"))
("C:\Users\Santy\AppData\Local\Programs\MiKTeX 2.9\tex\latex\graphics\graphicx.
sty"
Package: graphicx 2014/10/28 v1.0g Enhanced LaTeX Graphics (DPC,SPQR)

("C:\Users\Santy\AppData\Local\Programs\MiKTeX 2.9\tex\latex\graphics\graphics.
sty"
Package: graphics 2014/10/28 v1.0p Standard LaTeX Graphics (DPC,SPQR)

("C:\Users\Santy\AppData\Local\Programs\MiKTeX 2.9\tex\latex\graphics\trig.sty"
Package: trig 1999/03/16 v1.09 sin cos tan (DPC)
)
("C:\Users\Santy\AppData\Local\Programs\MiKTeX 2.9\tex\latex\00miktex\graphics.
cfg"
File: graphics.cfg 2007/01/18 v1.5 graphics configuration of teTeX/TeXLive
)
Package graphics Info: Driver file: pdftex.def on input line 94.

("C:\Users\Santy\AppData\Local\Programs\MiKTeX 2.9\tex\latex\pdftex-def\pdftex.
def"
File: pdftex.def 2011/05/27 v0.06d Graphics/color for pdfTeX

("C:\Users\Santy\AppData\Local\Programs\MiKTeX 2.9\tex\generic\oberdiek\infware
rr.sty"
Package: infwarerr 2010/04/08 v1.3 Providing info/warning/error messages (HO)
)
("C:\Users\Santy\AppData\Local\Programs\MiKTeX 2.9\tex\generic\oberdiek\ltxcmds
.sty"
Package: ltxcmds 2011/11/09 v1.22 LaTeX kernel commands for general use (HO)
)
\Gread@gobject=\count90
))
\Gin@req@height=\dimen111
\Gin@req@width=\dimen112
)
("C:\Users\Santy\AppData\Local\Programs\MiKTeX 2.9\tex\latex\float\float.sty"
Package: float 2001/11/08 v1.3d Float enhancements (AL)
\c@float@type=\count91
\float@exts=\toks16
\float@box=\box26
\@float@everytoks=\toks17
\@floatcapt=\box27
)
("C:\Users\Santy\AppData\Local\Programs\MiKTeX 2.9\tex\latex\enumitem\enumitem.
sty"
Package: enumitem 2011/09/28 v3.5.2 Customized lists
\labelindent=\skip43
\enit@outerparindent=\dimen113
\enit@toks=\toks18
\enit@inbox=\box28
\enitdp@description=\count92
)
("C:\Users\Santy\AppData\Local\Programs\MiKTeX 2.9\tex\latex\caption\caption.st
y"
Package: caption 2015/09/17 v3.3-111 Customizing captions (AR)

("C:\Users\Santy\AppData\Local\Programs\MiKTeX 2.9\tex\latex\caption\caption3.s
ty"
Package: caption3 2015/09/20 v1.7-115 caption3 kernel (AR)
Package caption3 Info: TeX engine: e-TeX on input line 57.
\captionmargin=\dimen114
\captionmargin@=\dimen115
\captionwidth=\dimen116
\caption@tempdima=\dimen117
\caption@indent=\dimen118
\caption@parindent=\dimen119
\caption@hangindent=\dimen120
)
\c@ContinuedFloat=\count93
Package caption Info: float package is loaded.
)
("C:\Users\Santy\AppData\Local\Programs\MiKTeX 2.9\tex\latex\amsmath\amsmath.st
y"
Package: amsmath 2013/01/14 v2.14 AMS math features
\@mathmargin=\skip44

For additional information on amsmath, use the `?' option.

("C:\Users\Santy\AppData\Local\Programs\MiKTeX 2.9\tex\latex\amsmath\amstext.st
y"
Package: amstext 2000/06/29 v2.01

("C:\Users\Santy\AppData\Local\Programs\MiKTeX 2.9\tex\latex\amsmath\amsgen.sty
"
File: amsgen.sty 1999/11/30 v2.0
\@emptytoks=\toks19
\ex@=\dimen121
))
("C:\Users\Santy\AppData\Local\Programs\MiKTeX 2.9\tex\latex\amsmath\amsbsy.sty
"
Package: amsbsy 1999/11/29 v1.2d
\pmbraise@=\dimen122
)
("C:\Users\Santy\AppData\Local\Programs\MiKTeX 2.9\tex\latex\amsmath\amsopn.sty
"
Package: amsopn 1999/12/14 v2.01 operator names
)
\inf@bad=\count94
LaTeX Info: Redefining \frac on input line 210.
\uproot@=\count95
\leftroot@=\count96
LaTeX Info: Redefining \overline on input line 306.
\classnum@=\count97
\DOTSCASE@=\count98
LaTeX Info: Redefining \ldots on input line 378.
LaTeX Info: Redefining \dots on input line 381.
LaTeX Info: Redefining \cdots on input line 466.
\Mathstrutbox@=\box29
\strutbox@=\box30
\big@size=\dimen123
LaTeX Font Info:    Redeclaring font encoding OML on input line 566.
LaTeX Font Info:    Redeclaring font encoding OMS on input line 567.
\macc@depth=\count99
\c@MaxMatrixCols=\count100
\dotsspace@=\muskip10
\c@parentequation=\count101
\dspbrk@lvl=\count102
\tag@help=\toks20
\row@=\count103
\column@=\count104
\maxfields@=\count105
\andhelp@=\toks21
\eqnshift@=\dimen124
\alignsep@=\dimen125
\tagshift@=\dimen126
\tagwidth@=\dimen127
\totwidth@=\dimen128
\lineht@=\dimen129
\@envbody=\toks22
\multlinegap=\skip45
\multlinetaggap=\skip46
\mathdisplay@stack=\toks23
LaTeX Info: Redefining \[ on input line 2665.
LaTeX Info: Redefining \] on input line 2666.
)
("C:\Users\Santy\AppData\Local\Programs\MiKTeX 2.9\tex\latex\datetime\datetime.
sty"
Package: datetime 2015/03/20 v2.60 Date Time Package

("C:\Users\Santy\AppData\Local\Programs\MiKTeX 2.9\tex\latex\etoolbox\etoolbox.
sty"
Package: etoolbox 2015/08/02 v2.2a e-TeX tools for LaTeX (JAW)
\etb@tempcnta=\count106
)
("C:\Users\Santy\AppData\Local\Programs\MiKTeX 2.9\tex\latex\fmtcount\fmtcount.
sty"
Package: fmtcount 2015/05/05 v3.01

("C:\Users\Santy\AppData\Local\Programs\MiKTeX 2.9\tex\latex\base\ifthen.sty"
Package: ifthen 2014/09/29 v1.1c Standard LaTeX ifthen package (DPC)
)
("C:\Users\Santy\AppData\Local\Programs\MiKTeX 2.9\tex\latex\xkeyval\xkeyval.st
y"
Package: xkeyval 2014/12/03 v2.7a package option processing (HA)

("C:\Users\Santy\AppData\Local\Programs\MiKTeX 2.9\tex\generic\xkeyval\xkeyval.
tex"
("C:\Users\Santy\AppData\Local\Programs\MiKTeX 2.9\tex\generic\xkeyval\xkvutils
.tex"
\XKV@toks=\toks24
\XKV@tempa@toks=\toks25
)
\XKV@depth=\count107
File: xkeyval.tex 2014/12/03 v2.7a key=value parser (HA)
))
("C:\Users\Santy\AppData\Local\Programs\MiKTeX 2.9\tex\latex\fmtcount\fcprefix.
sty"
Package: fcprefix 2012/09/28

("C:\Users\Santy\AppData\Local\Programs\MiKTeX 2.9\tex\latex\fmtcount\fcnumpars
er.sty"
Package: fcnumparser 2012/09/28
\fc@digit@counter=\count108
))
\c@padzeroesN=\count109
\fc@tmpcatcode=\count110
\@DT@modctr=\count111
\@ordinalctr=\count112
\@orgargctr=\count113
\@strctr=\count114
\@tmpstrctr=\count115
\@DT@loopN=\count116
\@DT@X=\count117

("C:\Users\Santy\AppData\Local\Programs\MiKTeX 2.9\tex\latex\fmtcount\fc-englis
h.def"
File: fc-english.def 2013/08/17
))
("C:\Users\Santy\AppData\Local\Programs\MiKTeX 2.9\tex\latex\datetime\datetime-
defaults.sty"
Package: datetime-defaults 2013/09/10
)
\@day=\count118
\@month=\count119
\@year=\count120
\c@HOUR=\count121
\c@HOURXII=\count122
\c@MINUTE=\count123
\c@TOHOUR=\count124
\c@TOMINUTE=\count125
\c@SECOND=\count126
\currenthour=\count127
\currentminute=\count128
\currentsecond=\count129
Package datetime Info: No datetime.cfg file found, using default settings on in
put line 308.
\@dtctr=\count130
\dayofyear=\count131
\dayofweek=\count132
LaTeX Info: Redefining \today on input line 736.
\dt@a=\toks26
\dt@b=\toks27
) (ProbSet4.aux)
\openout1 = `ProbSet4.aux'.

LaTeX Font Info:    Checking defaults for OML/cmm/m/it on input line 23.
LaTeX Font Info:    ... okay on input line 23.
LaTeX Font Info:    Checking defaults for T1/cmr/m/n on input line 23.
LaTeX Font Info:    ... okay on input line 23.
LaTeX Font Info:    Checking defaults for OT1/cmr/m/n on input line 23.
LaTeX Font Info:    ... okay on input line 23.
LaTeX Font Info:    Checking defaults for OMS/cmsy/m/n on input line 23.
LaTeX Font Info:    ... okay on input line 23.
LaTeX Font Info:    Checking defaults for OMX/cmex/m/n on input line 23.
LaTeX Font Info:    ... okay on input line 23.
LaTeX Font Info:    Checking defaults for U/cmr/m/n on input line 23.
LaTeX Font Info:    ... okay on input line 23.

*geometry* driver: auto-detecting
*geometry* detected driver: pdftex
*geometry* verbose mode - [ preamble ] result:
* driver: pdftex
* paper: a4paper
* layout: <same size as paper>
* layoutoffset:(h,v)=(0.0pt,0.0pt)
* modes: 
* h-part:(L,W,R)=(56.9055pt, 483.69684pt, 56.90553pt)
* v-part:(T,H,B)=(28.45274pt, 711.3189pt, 105.2752pt)
* \paperwidth=597.50787pt
* \paperheight=845.04684pt
* \textwidth=483.69684pt
* \textheight=711.3189pt
* \oddsidemargin=-15.36449pt
* \evensidemargin=-15.36449pt
* \topmargin=-80.81725pt
* \headheight=12.0pt
* \headsep=25.0pt
* \topskip=10.0pt
* \footskip=30.0pt
* \marginparwidth=65.0pt
* \marginparsep=11.0pt
* \columnsep=10.0pt
* \skip\footins=9.0pt plus 4.0pt minus 2.0pt
* \hoffset=0.0pt
* \voffset=0.0pt
* \mag=1000
* \@twocolumnfalse
* \@twosidefalse
* \@mparswitchfalse
* \@reversemarginfalse
* (1in=72.27pt=25.4mm, 1cm=28.453pt)


("C:\Users\Santy\AppData\Local\Programs\MiKTeX 2.9\tex\context\base\supp-pdf.mk
ii"
[Loading MPS to PDF converter (version 2006.09.02).]
\scratchcounter=\count133
\scratchdimen=\dimen130
\scratchbox=\box31
\nofMPsegments=\count134
\nofMParguments=\count135
\everyMPshowfont=\toks28
\MPscratchCnt=\count136
\MPscratchDim=\dimen131
\MPnumerator=\count137
\makeMPintoPDFobject=\count138
\everyMPtoPDFconversion=\toks29
)
Package caption Info: Begin \AtBeginDocument code.
Package caption Info: End \AtBeginDocument code.
 <images/prob2a.jpg, id=1, 702.625pt x 526.96875pt>
File: images/prob2a.jpg Graphic file (type jpg)
 <use images/prob2a.jpg>
Package pdftex.def Info: images/prob2a.jpg used on input line 34.
(pdftex.def)             Requested size: 245.92242pt x 184.44182pt.

<images/prob2b.jpg, id=2, 785.93625pt x 418.56375pt>
File: images/prob2b.jpg Graphic file (type jpg)
 <use images/prob2b.jpg>
Package pdftex.def Info: images/prob2b.jpg used on input line 46.
(pdftex.def)             Requested size: 275.0818pt x 146.4995pt.

[1

{C:/Users/Santy/AppData/Local/MiKTeX/2.9/pdftex/config/pdftex.map} <./images/pr
ob2a.jpg> <./images/prob2b.jpg>]
<images/prob3.jpg, id=14, 702.625pt x 526.96875pt>
File: images/prob3.jpg Graphic file (type jpg)
 <use images/prob3.jpg>
Package pdftex.def Info: images/prob3.jpg used on input line 60.
(pdftex.def)             Requested size: 281.04501pt x 210.78375pt.

Overfull \hbox (15.0pt too wide) in paragraph at lines 57--65
[]$[]$ 
 []

<images/prob4.jpg, id=15, 702.625pt x 526.96875pt>
File: images/prob4.jpg Graphic file (type jpg)
 <use images/prob4.jpg>
Package pdftex.def Info: images/prob4.jpg used on input line 71.
(pdftex.def)             Requested size: 281.04501pt x 210.78375pt.

Overfull \hbox (15.0pt too wide) in paragraph at lines 68--76
[]$[]$ 
 []

[2 <./images/prob3.jpg> <./images/prob4.jpg>]
<images/prob5.jpg, id=19, 712.6625pt x 479.7925pt>
File: images/prob5.jpg Graphic file (type jpg)
 <use images/prob5.jpg>
Package pdftex.def Info: images/prob5.jpg used on input line 84.
(pdftex.def)             Requested size: 285.05995pt x 191.91359pt.

Overfull \hbox (15.0pt too wide) in paragraph at lines 81--89
[]$[]$ 
 []

<images/prob6.jpg, id=20, 702.625pt x 526.96875pt>
File: images/prob6.jpg Graphic file (type jpg)
 <use images/prob6.jpg>
Package pdftex.def Info: images/prob6.jpg used on input line 95.
(pdftex.def)             Requested size: 281.04501pt x 210.78375pt.

Overfull \hbox (15.0pt too wide) in paragraph at lines 92--100
[]$[]$ 
 []

Missing character: There is no â in font cmbx10!
Missing character: There is no € in font cmbx10!
Missing character: There is no ¢ in font cmbx10!
[3 <./images/prob5.jpg> <./images/prob6.jpg>] (ProbSet4.aux) ) 
Here is how much of TeX's memory you used:
 4871 strings out of 493634
 72600 string characters out of 3135239
 156231 words of memory out of 3000000
 8207 multiletter control sequences out of 15000+200000
 9023 words of font info for 33 fonts, out of 3000000 for 9000
 1025 hyphenation exceptions out of 8191
 36i,7n,75p,1021b,453s stack positions out of 5000i,500n,10000p,200000b,50000s
<C:/Users/Santy/A
ppData/Local/Programs/MiKTeX 2.9/fonts/type1/public/amsfonts/cm/cmbx12.pfb><C:/
Users/Santy/AppData/Local/Programs/MiKTeX 2.9/fonts/type1/public/amsfonts/cm/cm
mi10.pfb><C:/Users/Santy/AppData/Local/Programs/MiKTeX 2.9/fonts/type1/public/a
msfonts/cm/cmr10.pfb><C:/Users/Santy/AppData/Local/Programs/MiKTeX 2.9/fonts/ty
pe1/public/amsfonts/cm/cmr12.pfb><C:/Users/Santy/AppData/Local/Programs/MiKTeX 
2.9/fonts/type1/public/amsfonts/cm/cmr17.pfb><C:/Users/Santy/AppData/Local/Prog
rams/MiKTeX 2.9/fonts/type1/public/amsfonts/cm/cmr8.pfb><C:/Users/Santy/AppData
/Local/Programs/MiKTeX 2.9/fonts/type1/public/amsfonts/cm/cmsy10.pfb>
Output written on ProbSet4.pdf (3 pages, 281506 bytes).
PDF statistics:
 46 PDF objects out of 1000 (max. 8388607)
 0 named destinations out of 1000 (max. 500000)
 31 words of extra memory for PDF output out of 10000 (max. 10000000)

